\BOOKMARK [1][-]{section.1}{\376\377\000S\000a\000u\000n\000a\000F\000l\000o\000w\000\040\145\057\221\115\145\271\172\013\137\017\060\311\060\255\060\345\060\341\060\363\060\310}{}% 1
\BOOKMARK [2][-]{subsection.1.1}{\376\377\166\356\153\041}{section.1}% 2
\BOOKMARK [2][-]{subsection.1.2}{\376\377\0001\000.\000\040\060\275\060\353\060\320\060\374\151\202\211\201}{section.1}% 3
\BOOKMARK [2][-]{subsection.1.3}{\376\377\0002\000.\000\040\153\143\170\272\060\320\060\374\060\270\060\347\060\363\000\040\040\024\000\040\000O\000p\000e\000n\000F\000O\000A\000M}{section.1}% 4
\BOOKMARK [3][-]{subsubsection.1.3.1}{\376\377\0002\000.\0001\000\040\220\043\175\232\060\156\137\017\000\040\000\050\214\352\221\317\117\335\133\130\000\051}{subsection.1.3}% 5
\BOOKMARK [3][-]{subsubsection.1.3.2}{\376\377\0002\000.\0002\000\040\220\113\122\325\221\317\117\335\133\130\000\040\000\050\000N\000a\000v\000i\000e\000r\000-\000S\000t\000o\000k\000e\000s\000\051}{subsection.1.3}% 6
\BOOKMARK [3][-]{subsubsection.1.3.3}{\376\377\0002\000.\0003\000\040\060\250\060\315\060\353\060\256\060\374\117\335\133\130}{subsection.1.3}% 7
\BOOKMARK [3][-]{subsubsection.1.3.4}{\376\377\0002\000.\0004\000\040\116\161\155\101\060\342\060\307\060\353\000\040\000\050\152\031\156\226\000\040\000k\000-\003\265\000\051}{subsection.1.3}% 8
\BOOKMARK [3][-]{subsubsection.1.3.5}{\376\377\0002\000.\0005\000\040\162\266\141\113\145\271\172\013\137\017}{subsection.1.3}% 9
\BOOKMARK [2][-]{subsection.1.4}{\376\377\0003\000.\000\040\174\041\146\023\060\320\060\374\060\270\060\347\060\363\000\040\040\024\000\040\0001\000D\000\040\060\276\060\374\060\363\060\342\060\307\060\353}{section.1}% 10
\BOOKMARK [3][-]{subsubsection.1.4.1}{\376\377\0003\000.\0001\000\040\212\010\173\227\230\030\127\337}{subsection.1.4}% 11
\BOOKMARK [3][-]{subsubsection.1.4.2}{\376\377\0003\000.\0002\000\040\145\057\221\115\145\271\172\013\137\017\000\040\000\050\124\004\060\273\060\353\000\040\000i\000\040\060\156\060\250\060\315\060\353\060\256\060\374\123\316\145\057\000\051}{subsection.1.4}% 12
\BOOKMARK [3][-]{subsubsection.1.4.3}{\376\377\0003\000.\0003\000\040\060\327\060\353\060\374\060\340\161\261\156\220\122\006\136\003\000\040\000S\000i}{subsection.1.4}% 13
\BOOKMARK [3][-]{subsubsection.1.4.4}{\376\377\0003\000.\0004\000\040\130\203\165\114\147\141\116\366}{subsection.1.4}% 14
\BOOKMARK [3][-]{subsubsection.1.4.5}{\376\377\0003\000.\0005\000\040\145\160\120\044\211\343\154\325}{subsection.1.4}% 15
\BOOKMARK [2][-]{subsection.1.5}{\376\377\0004\000.\000\040\060\276\060\374\060\363\151\313\142\020\060\150\161\261\123\316\145\057}{section.1}% 16
\BOOKMARK [3][-]{subsubsection.1.5.1}{\376\377\0004\000.\0001\000\040\153\143\170\272\162\110\000\040\000\050\000O\000p\000e\000n\000F\000O\000A\000M\000\051\000\040\060\156\060\276\060\374\060\363\151\313\142\020}{subsection.1.5}% 17
\BOOKMARK [3][-]{subsubsection.1.5.2}{\376\377\0004\000.\0002\000\040\060\273\060\353\123\130\117\115\060\156\161\261\123\316\145\057\000\040\000\050\147\011\226\120\117\123\172\115\154\325\000\051}{subsection.1.5}% 18
\BOOKMARK [3][-]{subsubsection.1.5.3}{\376\377\0004\000.\0003\000\040\174\041\146\023\162\110\060\156\124\004\230\005\060\156\162\151\164\006\166\204\141\017\124\163}{subsection.1.5}% 19
\BOOKMARK [2][-]{subsection.1.6}{\376\377\0005\000.\000\040\226\342\145\143\123\026\060\271\060\255\060\374\060\340\060\156\133\376\137\334\210\150}{section.1}% 20
\BOOKMARK [2][-]{subsection.1.7}{\376\377\0006\000.\000\040\145\160\120\044\211\343\154\325\060\150\123\316\147\137\122\066\137\241}{section.1}% 21
\BOOKMARK [3][-]{subsubsection.1.7.1}{\376\377\0006\000.\0001\000\040\153\143\170\272\162\110\000\040\040\024\000\040\000S\000I\000M\000P\000L\000E\000\040\154\325}{subsection.1.7}% 22
\BOOKMARK [3][-]{subsubsection.1.7.2}{\376\377\0006\000.\0002\000\040\174\041\146\023\162\110\000\040\040\024\000\040\160\271\175\351\124\214\123\315\137\251\154\325}{subsection.1.7}% 23
\BOOKMARK [2][-]{subsection.1.8}{\376\377\0007\000.\000\040\162\151\140\047\120\044}{section.1}% 24
\BOOKMARK [3][-]{subsubsection.1.8.1}{\376\377\172\172\154\027\000\040\000\050\121\150\060\275\060\353\060\320\060\374\121\161\220\032\000\051}{subsection.1.8}% 25
\BOOKMARK [3][-]{subsubsection.1.8.2}{\376\377\174\041\146\023\162\110\217\375\122\240\060\321\060\351\060\341\060\374\060\277}{subsection.1.8}% 26
\BOOKMARK [2][-]{subsection.1.9}{\376\377\0008\000.\000\040\174\041\146\023\162\110\060\150\153\143\170\272\162\110\060\156\133\376\137\334\225\242\117\302}{section.1}% 27
\BOOKMARK [3][-]{subsubsection.1.9.1}{\376\377\174\041\146\023\123\026\060\156\060\335\060\244\060\363\060\310}{subsection.1.9}% 28
\BOOKMARK [3][-]{subsubsection.1.9.2}{\376\377\153\143\170\272\060\153\210\150\163\376\060\147\060\115\060\146\060\104\060\152\060\104\220\350\122\006}{subsection.1.9}% 29
\BOOKMARK [3][-]{subsubsection.1.9.3}{\376\377\174\041\146\023\162\110\060\147\060\202\153\143\060\127\060\117\121\215\163\376\060\147\060\115\060\213\060\123\060\150}{subsection.1.9}% 30
\BOOKMARK [2][-]{subsection.1.10}{\376\377\116\330\223\062\000:\000\040\060\325\060\247\060\374\060\272\122\045\060\156\145\271\172\013\137\017\142\341\137\065\116\210\133\232}{section.1}% 31
